Arguments: 
  C:\Program Files\nodejs\node.exe C:\Users\liuyi\AppData\Roaming\npm\node_modules\yarn\bin\yarn.js test --coverage

PATH: 
  C:\ProgramData\Oracle\Java\javapath;C:\WINDOWS\system32;C:\WINDOWS;C:\WINDOWS\System32\Wbem;C:\WINDOWS\System32\WindowsPowerShell\v1.0\;C:\WINDOWS\System32\OpenSSH\;C:\Program Files\MATLAB\R2018a\bin;C:\Program Files\MiKTeX 2.9\miktex\bin\x64\;C:\Program Files\MySQL\MySQL Utilities 1.6\;C:\Program Files\Git\cmd;C:\Oracle\instantclient;C:\Program Files\Intel\WiFi\bin\;C:\Program Files\Common Files\Intel\WirelessCommon\;C:\Program Files\nodejs\;C:\Program Files (x86)\Intel\Intel(R) Management Engine Components\DAL;C:\Program Files\Intel\Intel(R) Management Engine Components\DAL;C:\Users\liuyi\AppData\Local\Programs\Python\Python36\Scripts\;C:\Users\liuyi\AppData\Local\Programs\Python\Python36\;C:\Users\liuyi\AppData\Local\Microsoft\WindowsApps;C:\Users\liuyi\AppData\Local\Microsoft\WindowsApps;C:\Users\liuyi\AppData\Local\Google\Cloud SDK\google-cloud-sdk\bin;C:\Users\liuyi\AppData\Local\Programs\Microsoft VS Code\bin;C:\Users\liuyi\AppData\Local\atom\bin;C:\Program Files\Intel\WiFi\bin\;C:\Program Files\Common Files\Intel\WirelessCommon\;C:\Users\liuyi\AppData\Roaming\npm

Yarn version: 
  1.19.1

Node version: 
  10.16.3

Platform: 
  win32 x64

Trace: 
  SyntaxError: C:\Users\liuyi\github\cis557-project-photo-sharing-social-network-app-codemasters\package.json: Unexpected token } in JSON at position 2159
      at JSON.parse (<anonymous>)
      at C:\Users\liuyi\AppData\Roaming\npm\node_modules\yarn\lib\cli.js:1625:59
      at Generator.next (<anonymous>)
      at step (C:\Users\liuyi\AppData\Roaming\npm\node_modules\yarn\lib\cli.js:304:30)
      at C:\Users\liuyi\AppData\Roaming\npm\node_modules\yarn\lib\cli.js:315:13

npm manifest: 
  {
    "name": "cis557-project-photo-sharing-social-network-app-codemasters",
    "version": "1.0.0",
    "description": "cis 557 project",
    "main": "index.js",
    "scripts": {
      "test": "jest",
      "start": "node index"
    },
    "repository": {
      "type": "git",
      "url": "git+https://github.com/cis557/cis557-project-photo-sharing-social-network-app-codemasters.git"
    },
    "author": "",
    "license": "ISC",
    "bugs": {
      "url": "https://github.com/cis557/cis557-project-photo-sharing-social-network-app-codemasters/issues"
    },
    "homepage": "https://github.com/cis557/cis557-project-photo-sharing-social-network-app-codemasters#readme",
    "dependencies": {
      "angular": ">=1.7.9",
      "angular-route": "^1.7.8",
      "body-parser": "^1.19.0",
      "bower": "^1.8.8",
      "constantinople": "^4.0.1",
      "cookie-parser": "^1.4.4",
      "cors": "^2.8.5",
      "del": "^5.1.0",
      "express": "^4.17.1",
      "express-fileupload": "^1.1.6",
      "express-oas-generator": "^1.0.18",
      "express-session": "^1.17.0",
      "file-system": "^2.2.2",
      "g": "^2.0.1",
      "jsonwebtoken": "^8.5.1",
      "lodash": "^4.17.15",
      "lokijs": "^1.5.7",
      "minimist": "^1.2.0",
      "mongodb": "^3.3.3",
      "morgan": "^1.9.1",
      "multer": "^1.4.2",
      "node": "^13.3.0",
      "path": "^0.12.7",
      "pug": "^2.0.4",
      "sinon": "^7.5.0",
      "swagger-node-express": "^2.1.3",
      "swagger-ui-express": "^4.1.2",
      "ws": "^7.2.0",
      "yarn": "^1.19.1"
    },
    "devDependencies": {
      "angular-mocks": "^1.7.8",
      "eslint": "^6.1.0",
      "eslint-config-airbnb": "^18.0.1",
      "eslint-config-airbnb-base": "^14.0.0",
      "eslint-plugin-import": "^2.18.2",
      "eslint-plugin-jsx-a11y": "^6.2.3",
      "eslint-plugin-react": "^7.17.0",
      "eslint-plugin-react-hooks": "^1.7.0",
      "jest": "^24.9.0",
      "jest-cli": "^24.9.0",
      "jest-fetch-mock": "^2.1.2",
      "jest-localstorage-mock": "^2.4.0",
      "jest-preset-angular": "^8.0.0",
      "supertest": "^4.0.2"
    },
    "jest": {
      "preset": "jest-preset-angular",
      "setupTestFrameworkScriptFile": "./UnitTest/setupJest.js",
      "transform": {
        "^.+\\.(js|jsx)?$": "<rootDir>/node_modules/babel-jest",
      },
      "setupFiles": [
        "./setupJest.js",
        "jest-localstorage-mock"
      ]
    }
  }

yarn manifest: 
  No manifest

Lockfile: 
  No lockfile
